[LOG] System::create                           : Header version = 2.02.15. Current version = 2.02.15.
[LOG] Manager::init                            : maxchannels = 256 studioflags = 00000006 flags 00000000 extradriverdata 0000000000000000.
[LOG] SystemI::init                            : Initialize version=20215 (134211), maxchannels=256, flags=0x00020000
[LOG] SystemI::setOutputInternal               : Setting output to 'FMOD WASAPI Output'
[LOG] OutputWASAPI::init                       : Mix Format (WAVEFORMATEX): wFormatTag=0xFFFE, nChannels=2, nSamplesPerSec=48000, nAvgBytesPerSec=384000, nBlockAlign=8, wBitsPerSample=32, cbSize=22.
[LOG] OutputWASAPI::init                       : Mix Format (WAVEFORMATEXTENSIBLE): wValidBitsPerSample=32, dwChannelMask=0x00000003, SubFormat=00000003-0000-0010-8000-00AA00389B71.
[LOG] OutputWASAPI::init                       : Output buffer size: 4096 samples, latency: 0.00ms, period: 10.00ms, DSP buffer: 1024 * 4
[LOG] Thread::initThread                       : Init FMOD stream thread. Affinity: 0x4000000000000003, Priority: 0xFFFF7FFB, Stack Size: 98304, Semaphore: No, Sleep Time: 10, Looping: Yes.
[LOG] Thread::initThread                       : Init FMOD mixer thread. Affinity: 0x4000000000000001, Priority: 0xFFFF7FFA, Stack Size: 81920, Semaphore: No, Sleep Time: 0, Looping: Yes.
[LOG] AsyncManager::init                       : manager 0000018CD987AD08 isAsync 0 updatePeriod 0.02
[LOG] AsyncManager::init                       : done
[LOG] PlaybackSystem::init                     : 
[LOG] Thread::initThread                       : Init FMOD Studio sample load thread. Affinity: 0x4000000000000003, Priority: 0xFFFF7FFD, Stack Size: 98304, Semaphore: No, Sleep Time: 1, Looping: No.
[LOG] PlaybackSystem::init                     : done
[LOG] Thread::initThread                       : Init FMOD Studio bank load thread. Affinity: 0x4000000000000003, Priority: 0xFFFF7FFD, Stack Size: 98304, Semaphore: No, Sleep Time: 1, Looping: No.
[LOG] Manager::init                            : done.
[LOG] Manager::readBank                        : fileversion = 142, compatVersion = 140 (oldest = 44, newest = 142)
[LOG] Manager::readBank                        : fileversion = 142, compatVersion = 140 (oldest = 44, newest = 142)
[LOG] PlaybackSystem::acquireMasterBus         : Setting master channel group format to 6
[LOG] Manager::readBank                        : fileversion = 142, compatVersion = 140 (oldest = 44, newest = 142)
[LOG] Manager::readBank                        : fileversion = 142, compatVersion = 140 (oldest = 44, newest = 142)
[LOG] Manager::readBank                        : fileversion = 142, compatVersion = 140 (oldest = 44, newest = 142)
[LOG] Manager::readBank                        : fileversion = 142, compatVersion = 140 (oldest = 44, newest = 142)
[LOG] PlaybackSystem::acquireMasterBus         : Setting master channel group format to 6
[LOG] Manager::readBank                        : fileversion = 142, compatVersion = 140 (oldest = 44, newest = 142)
[LOG] Manager::readBank                        : fileversion = 142, compatVersion = 140 (oldest = 44, newest = 142)
[LOG] SystemI::createSound                     : filename = FMOD/Build/Desktop/Music.bank : mode 02010082
[LOG] SystemI::createSound                     : FMOD_NONBLOCKING specified.  Putting into queue to be opened asynchronously!
[LOG] Thread::initThread                       : Init FMOD nonblocking thread (0). Affinity: 0x4000000000000003, Priority: 0xFFFF7FFC, Stack Size: 114688, Semaphore: Yes, Sleep Time: 0, Looping: Yes.
[LOG] AsyncThread::add                         : add sound to async queue : soundi = 0000018CB2E456F8, queue head = 0000018BEEEE3498, queue count = 0
[LOG] AsyncThread::threadFunc                  : Starting Asynchronous operation on sound 0000018CB2E456F8
[LOG] SystemI::createSoundInternal             :     Create name='FMOD/Build/Desktop/Music.bank', mode=0x02010082
[LOG] SystemI::createSoundInternal             :     exinfo->cbsize             = 224
[LOG] SystemI::createSoundInternal             :     exinfo->length             = 6057504
[LOG] SystemI::createSoundInternal             :     exinfo->fileoffset         = 15200
[LOG] SystemI::createSoundInternal             :     exinfo->numsubsounds       = 1
[LOG] SystemI::createSoundInternal             :     exinfo->inclusionlist      = 0000018BF0704920
[LOG] SystemI::createSoundInternal             :     exinfo->inclusionlistnum   = 1
[LOG] SystemI::createSoundInternal             :     exinfo->suggestedsoundtype = 5
[LOG] SystemI::createSoundInternal             :     exinfo->initialseekpostype = 1
[LOG] SystemI::createSoundInternal             :     Stream 0/1: name='Boss_Theme_001v002_Intro_v001', format=5, channels=2, frequency=48000, lengthbytes=249824, lengthpcm=816001, pcmblocksize=0, loopstart=0, loopend=0, mode=0x00000000, channelmask=0x00000000, channelorder=0, peakvolume=0.891251.
[LOG] Thread::initThread                       :     Init FMOD file thread. Affinity: 0x4000000000000003, Priority: 0xFFFF7FFC, Stack Size: 65536, Semaphore: No, Sleep Time: 10, Looping: Yes.
[LOG] AsyncThread::threadFunc                  : Finished Asynchronous operation on sound 0000018CB2E456F8
[WRN] SoundSourceInstrumentInstance::startChannelIfReady : Loading delay exceeded, sound may play at incorrect time
[LOG] SystemI::createSound                     : filename = FMOD/Build/Desktop/Music.bank : mode 02010082
[LOG] SystemI::createSound                     : FMOD_NONBLOCKING specified.  Putting into queue to be opened asynchronously!
[LOG] AsyncThread::add                         : add sound to async queue : soundi = 0000018CD7E9C1B8, queue head = 0000018BEEEE3498, queue count = 0
[LOG] SystemI::createSound                     : filename = FMOD/Build/Desktop/Music.bank : mode 02010082
[LOG] SystemI::createSound                     : FMOD_NONBLOCKING specified.  Putting into queue to be opened asynchronously!
[LOG] AsyncThread::add                         : add sound to async queue : soundi = 0000018BFF014CE8, queue head = 0000018BEEEE3498, queue count = 1
[LOG] SystemI::createSound                     : filename = FMOD/Build/Desktop/Music.bank : mode 02010082
[LOG] SystemI::createSound                     : FMOD_NONBLOCKING specified.  Putting into queue to be opened asynchronously!
[LOG] AsyncThread::add                         : add sound to async queue : soundi = 0000018BF115BAC8, queue head = 0000018BEEEE3498, queue count = 2
[LOG] SystemI::createSound                     : filename = FMOD/Build/Desktop/Music.bank : mode 02010082
[LOG] AsyncThread::threadFunc                  : Starting Asynchronous operation on sound 0000018CD7E9C1B8
[LOG] SystemI::createSound                     : FMOD_NONBLOCKING specified.  Putting into queue to be opened asynchronously!
[LOG] SystemI::createSoundInternal             :     Create name='FMOD/Build/Desktop/Music.bank', mode=0x02010082
[LOG] AsyncThread::add                         :     add sound to async queue : soundi = 0000018BF115B768, queue head = 0000018BEEEE3498, queue count = 2
[LOG] SystemI::createSoundInternal             :     exinfo->cbsize             = 224
[LOG] SystemI::createSoundInternal             :     exinfo->length             = 6057504
[LOG] SystemI::createSound                     :     filename = FMOD/Build/Desktop/Music.bank : mode 02010082
[LOG] SystemI::createSoundInternal             :     exinfo->fileoffset         = 15200
[LOG] SystemI::createSoundInternal             :     exinfo->numsubsounds       = 1
[LOG] SystemI::createSoundInternal             :     exinfo->inclusionlist      = 0000018BEC122B60
[LOG] SystemI::createSound                     :     FMOD_NONBLOCKING specified.  Putting into queue to be opened asynchronously!
[LOG] SystemI::createSoundInternal             :     exinfo->inclusionlistnum   = 1
[LOG] AsyncThread::add                         :     add sound to async queue : soundi = 0000018BF115B918, queue head = 0000018BEEEE3498, queue count = 3
[LOG] SystemI::createSoundInternal             :     exinfo->suggestedsoundtype = 5
[LOG] SystemI::createSound                     :     filename = FMOD/Build/Desktop/Music.bank : mode 02010082
[LOG] SystemI::createSoundInternal             :     exinfo->initialseekpostype = 1
[LOG] SystemI::createSound                     :     FMOD_NONBLOCKING specified.  Putting into queue to be opened asynchronously!
[LOG] AsyncThread::add                         :     add sound to async queue : soundi = 0000018BF115BC78, queue head = 0000018BEEEE3498, queue count = 4
[LOG] SystemI::createSound                     :     filename = FMOD/Build/Desktop/Music.bank : mode 02010082
[LOG] SystemI::createSound                     :     FMOD_NONBLOCKING specified.  Putting into queue to be opened asynchronously!
[LOG] AsyncThread::add                         :     add sound to async queue : soundi = 0000018CD9B24218, queue head = 0000018BEEEE3498, queue count = 5
[LOG] SystemI::createSound                     :     filename = FMOD/Build/Desktop/Music.bank : mode 02010082
[LOG] SystemI::createSound                     :     FMOD_NONBLOCKING specified.  Putting into queue to be opened asynchronously!
[LOG] AsyncThread::add                         :     add sound to async queue : soundi = 0000018CD9B23EB8, queue head = 0000018BEEEE3498, queue count = 6
[LOG] SystemI::createSound                     :     filename = FMOD/Build/Desktop/Music.bank : mode 02010082
[LOG] SystemI::createSound                     :     FMOD_NONBLOCKING specified.  Putting into queue to be opened asynchronously!
[LOG] AsyncThread::add                         :     add sound to async queue : soundi = 0000018CD9B237F8, queue head = 0000018BEEEE3498, queue count = 7
[LOG] SystemI::createSoundInternal             :     Stream 0/1: name='Boss_Theme_001v002_Layer_Froggy_v001', format=5, channels=2, frequency=48000, lengthbytes=339776, lengthpcm=2304000, pcmblocksize=0, loopstart=0, loopend=0, mode=0x00000000, channelmask=0x00000000, channelorder=0, peakvolume=0.888915.
[LOG] AsyncThread::threadFunc                  : Finished Asynchronous operation on sound 0000018CD7E9C1B8
[LOG] AsyncThread::threadFunc                  : Starting Asynchronous operation on sound 0000018BFF014CE8
[LOG] SystemI::createSoundInternal             :     Create name='FMOD/Build/Desktop/Music.bank', mode=0x02010082
[LOG] SystemI::createSoundInternal             :     exinfo->cbsize             = 224
[LOG] SystemI::createSoundInternal             :     exinfo->length             = 6057504
[LOG] SystemI::createSoundInternal             :     exinfo->fileoffset         = 15200
[LOG] SystemI::createSoundInternal             :     exinfo->numsubsounds       = 1
[LOG] SystemI::createSoundInternal             :     exinfo->inclusionlist      = 0000018BEC122DE0
[LOG] SystemI::createSoundInternal             :     exinfo->inclusionlistnum   = 1
[LOG] SystemI::createSoundInternal             :     exinfo->suggestedsoundtype = 5
[LOG] SystemI::createSoundInternal             :     exinfo->initialseekpostype = 1
[LOG] SystemI::createSoundInternal             :     Stream 0/1: name='Boss_Theme_001v002_Layer_Gengar_v001', format=5, channels=2, frequency=48000, lengthbytes=422784, lengthpcm=2304000, pcmblocksize=0, loopstart=0, loopend=0, mode=0x00000000, channelmask=0x00000000, channelorder=0, peakvolume=0.643632.
[LOG] AsyncThread::threadFunc                  : Finished Asynchronous operation on sound 0000018BFF014CE8
[LOG] AsyncThread::threadFunc                  : Starting Asynchronous operation on sound 0000018BF115BAC8
[LOG] SystemI::createSoundInternal             :     Create name='FMOD/Build/Desktop/Music.bank', mode=0x02010082
[LOG] SystemI::createSoundInternal             :     exinfo->cbsize             = 224
[LOG] SystemI::createSoundInternal             :     exinfo->length             = 6057504
[LOG] SystemI::createSoundInternal             :     exinfo->fileoffset         = 15200
[LOG] SystemI::createSoundInternal             :     exinfo->numsubsounds       = 1
[LOG] SystemI::createSoundInternal             :     exinfo->inclusionlist      = 0000018BEC1236A0
[LOG] SystemI::createSoundInternal             :     exinfo->inclusionlistnum   = 1
[LOG] SystemI::createSoundInternal             :     exinfo->suggestedsoundtype = 5
[LOG] SystemI::createSoundInternal             :     exinfo->initialseekpostype = 1
[LOG] SystemI::createSoundInternal             :     Stream 0/1: name='Boss_Theme_001v002_Layer_Crazy_Shroom_v001', format=5, channels=2, frequency=48000, lengthbytes=517856, lengthpcm=2304000, pcmblocksize=0, loopstart=0, loopend=0, mode=0x00000000, channelmask=0x00000000, channelorder=0, peakvolume=0.753650.
[LOG] AsyncThread::threadFunc                  : Finished Asynchronous operation on sound 0000018BF115BAC8
[LOG] AsyncThread::threadFunc                  : Starting Asynchronous operation on sound 0000018BF115B768
[LOG] SystemI::createSoundInternal             :     Create name='FMOD/Build/Desktop/Music.bank', mode=0x02010082
[LOG] SystemI::createSoundInternal             :     exinfo->cbsize             = 224
[LOG] SystemI::createSoundInternal             :     exinfo->length             = 6057504
[LOG] SystemI::createSoundInternal             :     exinfo->fileoffset         = 15200
[LOG] SystemI::createSoundInternal             :     exinfo->numsubsounds       = 1
[LOG] SystemI::createSoundInternal             :     exinfo->inclusionlist      = 0000018BEC1237E0
[LOG] SystemI::createSoundInternal             :     exinfo->inclusionlistnum   = 1
[LOG] SystemI::createSoundInternal             :     exinfo->suggestedsoundtype = 5
[LOG] SystemI::createSoundInternal             :     exinfo->initialseekpostype = 1
[LOG] SystemI::createSoundInternal             :     Stream 0/1: name='Boss_Theme_001v002_Layer_Base_v002', format=5, channels=2, frequency=48000, lengthbytes=608256, lengthpcm=2304001, pcmblocksize=0, loopstart=0, loopend=0, mode=0x00000000, channelmask=0x00000000, channelorder=0, peakvolume=0.890083.
[LOG] AsyncThread::threadFunc                  : Finished Asynchronous operation on sound 0000018BF115B768
[LOG] AsyncThread::threadFunc                  : Starting Asynchronous operation on sound 0000018BF115B918
[LOG] SystemI::createSoundInternal             :     Create name='FMOD/Build/Desktop/Music.bank', mode=0x02010082
[LOG] SystemI::createSoundInternal             :     exinfo->cbsize             = 224
[LOG] SystemI::createSoundInternal             :     exinfo->length             = 6057504
[LOG] SystemI::createSoundInternal             :     exinfo->fileoffset         = 15200
[LOG] SystemI::createSoundInternal             :     exinfo->numsubsounds       = 1
[LOG] SystemI::createSoundInternal             :     exinfo->inclusionlist      = 0000018BEC123420
[LOG] SystemI::createSoundInternal             :     exinfo->inclusionlistnum   = 1
[LOG] SystemI::createSoundInternal             :     exinfo->suggestedsoundtype = 5
[LOG] SystemI::createSoundInternal             :     exinfo->initialseekposition = 45000
[LOG] SystemI::createSoundInternal             :     exinfo->initialseekpostype = 1
[LOG] SystemI::createSoundInternal             :     Stream 0/1: name='Boss_Theme_001v002_Layer_Froggy_v001', format=5, channels=2, frequency=48000, lengthbytes=339776, lengthpcm=2304000, pcmblocksize=0, loopstart=0, loopend=0, mode=0x00000000, channelmask=0x00000000, channelorder=0, peakvolume=0.888915.
[LOG] AsyncThread::threadFunc                  : Finished Asynchronous operation on sound 0000018BF115B918
[LOG] AsyncThread::threadFunc                  : Starting Asynchronous operation on sound 0000018BF115BC78
[LOG] SystemI::createSoundInternal             :     Create name='FMOD/Build/Desktop/Music.bank', mode=0x02010082
[LOG] SystemI::createSoundInternal             :     exinfo->cbsize             = 224
[LOG] SystemI::createSoundInternal             :     exinfo->length             = 6057504
[LOG] SystemI::createSoundInternal             :     exinfo->fileoffset         = 15200
[LOG] SystemI::createSoundInternal             :     exinfo->numsubsounds       = 1
[LOG] SystemI::createSoundInternal             :     exinfo->inclusionlist      = 0000018BEC122F20
[LOG] SystemI::createSoundInternal             :     exinfo->inclusionlistnum   = 1
[LOG] SystemI::createSoundInternal             :     exinfo->suggestedsoundtype = 5
[LOG] SystemI::createSoundInternal             :     exinfo->initialseekposition = 782
[LOG] SystemI::createSoundInternal             :     exinfo->initialseekpostype = 1
[LOG] SystemI::createSoundInternal             :     Stream 0/1: name='Boss_Theme_001v002_Ending_v001', format=5, channels=2, frequency=48000, lengthbytes=134976, lengthpcm=518185, pcmblocksize=0, loopstart=0, loopend=0, mode=0x00000000, channelmask=0x00000000, channelorder=0, peakvolume=0.891251.
[LOG] AsyncThread::threadFunc                  : Finished Asynchronous operation on sound 0000018BF115BC78
[LOG] AsyncThread::threadFunc                  : Starting Asynchronous operation on sound 0000018CD9B24218
[LOG] SystemI::createSoundInternal             :     Create name='FMOD/Build/Desktop/Music.bank', mode=0x02010082
[LOG] SystemI::createSoundInternal             :     exinfo->cbsize             = 224
[LOG] SystemI::createSoundInternal             :     exinfo->length             = 6057504
[LOG] SystemI::createSoundInternal             :     exinfo->fileoffset         = 15200
[LOG] SystemI::createSoundInternal             :     exinfo->numsubsounds       = 1
[LOG] SystemI::createSoundInternal             :     exinfo->inclusionlist      = 0000018BEC123060
[LOG] SystemI::createSoundInternal             :     exinfo->inclusionlistnum   = 1
[LOG] SystemI::createSoundInternal             :     exinfo->suggestedsoundtype = 5
[LOG] SystemI::createSoundInternal             :     exinfo->initialseekposition = 45000
[LOG] SystemI::createSoundInternal             :     exinfo->initialseekpostype = 1
[LOG] SystemI::createSoundInternal             :     Stream 0/1: name='Boss_Theme_001v002_Layer_Gengar_v001', format=5, channels=2, frequency=48000, lengthbytes=422784, lengthpcm=2304000, pcmblocksize=0, loopstart=0, loopend=0, mode=0x00000000, channelmask=0x00000000, channelorder=0, peakvolume=0.643632.
[LOG] AsyncThread::threadFunc                  : Finished Asynchronous operation on sound 0000018CD9B24218
[LOG] AsyncThread::threadFunc                  : Starting Asynchronous operation on sound 0000018CD9B23EB8
[LOG] SystemI::createSoundInternal             :     Create name='FMOD/Build/Desktop/Music.bank', mode=0x02010082
[LOG] SystemI::createSoundInternal             :     exinfo->cbsize             = 224
[LOG] SystemI::createSoundInternal             :     exinfo->length             = 6057504
[LOG] SystemI::createSoundInternal             :     exinfo->fileoffset         = 15200
[LOG] SystemI::createSoundInternal             :     exinfo->numsubsounds       = 1
[LOG] SystemI::createSoundInternal             :     exinfo->inclusionlist      = 0000018BEC1231A0
[LOG] SystemI::createSoundInternal             :     exinfo->inclusionlistnum   = 1
[LOG] SystemI::createSoundInternal             :     exinfo->suggestedsoundtype = 5
[LOG] SystemI::createSoundInternal             :     exinfo->initialseekposition = 45000
[LOG] SystemI::createSoundInternal             :     exinfo->initialseekpostype = 1
[LOG] SystemI::createSoundInternal             :     Stream 0/1: name='Boss_Theme_001v002_Layer_Crazy_Shroom_v001', format=5, channels=2, frequency=48000, lengthbytes=517856, lengthpcm=2304000, pcmblocksize=0, loopstart=0, loopend=0, mode=0x00000000, channelmask=0x00000000, channelorder=0, peakvolume=0.753650.
[LOG] AsyncThread::threadFunc                  : Finished Asynchronous operation on sound 0000018CD9B23EB8
[LOG] AsyncThread::threadFunc                  : Starting Asynchronous operation on sound 0000018CD9B237F8
[LOG] SystemI::createSoundInternal             :     Create name='FMOD/Build/Desktop/Music.bank', mode=0x02010082
[LOG] SystemI::createSoundInternal             :     exinfo->cbsize             = 224
[LOG] SystemI::createSoundInternal             :     exinfo->length             = 6057504
[LOG] SystemI::createSoundInternal             :     exinfo->fileoffset         = 15200
[LOG] SystemI::createSoundInternal             :     exinfo->numsubsounds       = 1
[LOG] SystemI::createSoundInternal             :     exinfo->inclusionlist      = 0000018BEC1232E0
[LOG] SystemI::createSoundInternal             :     exinfo->inclusionlistnum   = 1
[LOG] SystemI::createSoundInternal             :     exinfo->suggestedsoundtype = 5
[LOG] SystemI::createSoundInternal             :     exinfo->initialseekposition = 45000
[LOG] SystemI::createSoundInternal             :     exinfo->initialseekpostype = 1
[LOG] SystemI::createSoundInternal             :     Stream 0/1: name='Boss_Theme_001v002_Layer_Base_v002', format=5, channels=2, frequency=48000, lengthbytes=608256, lengthpcm=2304001, pcmblocksize=0, loopstart=0, loopend=0, mode=0x00000000, channelmask=0x00000000, channelorder=0, peakvolume=0.890083.
[LOG] AsyncThread::threadFunc                  : Finished Asynchronous operation on sound 0000018CD9B237F8
[LOG] SoundI::release                          : Boss_Theme_001v002_Layer_Crazy_Shroom_v001 (0000018BF115BAC8)
[LOG] SoundI::release                          :     Boss_Theme_001v002_Layer_Crazy_Shroom_v001 (0000018BEC124608)
[LOG] SoundI::release                          :     Boss_Theme_001v002_Layer_Crazy_Shroom_v001 (0000018D25144228)
[LOG] SoundI::release                          : Boss_Theme_001v002_Layer_Gengar_v001 (0000018BFF014CE8)
[LOG] SoundI::release                          :     Boss_Theme_001v002_Layer_Gengar_v001 (0000018BEC123DE8)
[LOG] SoundI::release                          :     Boss_Theme_001v002_Layer_Gengar_v001 (0000018D251448E8)
[LOG] SoundI::release                          : Boss_Theme_001v002_Layer_Froggy_v001 (0000018CD7E9C1B8)
[LOG] SoundI::release                          :     Boss_Theme_001v002_Layer_Froggy_v001 (0000018BEC123AA8)
[LOG] SoundI::release                          :     Boss_Theme_001v002_Layer_Froggy_v001 (0000018CB2E451E8)
[LOG] SoundI::release                          : Boss_Theme_001v002_Intro_v001 (0000018CB2E456F8)
[LOG] SoundI::release                          :     Boss_Theme_001v002_Intro_v001 (0000018BEC1254A8)
[LOG] SoundI::release                          :     Boss_Theme_001v002_Intro_v001 (0000018CB2E44E88)
[LOG] SoundI::release                          : Boss_Theme_001v002_Layer_Base_v002 (0000018BF115B768)
[LOG] SoundI::release                          :     Boss_Theme_001v002_Layer_Base_v002 (0000018BEC124AE8)
[LOG] SoundI::release                          :     Boss_Theme_001v002_Layer_Base_v002 (0000018D251443D8)
[LOG] SoundI::release                          : Boss_Theme_001v002_Layer_Crazy_Shroom_v001 (0000018CD9B23EB8)
[LOG] SoundI::release                          :     Boss_Theme_001v002_Layer_Crazy_Shroom_v001 (0000018D2543F2F8)
[LOG] SoundI::release                          :     Boss_Theme_001v002_Layer_Crazy_Shroom_v001 (0000018D25144A98)
[LOG] SoundI::release                          : Boss_Theme_001v002_Layer_Gengar_v001 (0000018CD9B24218)
[LOG] SoundI::release                          :     Boss_Theme_001v002_Layer_Gengar_v001 (0000018D254404D8)
[LOG] SoundI::release                          :     Boss_Theme_001v002_Layer_Gengar_v001 (0000018D25144C48)
[LOG] SoundI::release                          : Boss_Theme_001v002_Layer_Froggy_v001 (0000018BF115B918)
[LOG] SoundI::release                          :     Boss_Theme_001v002_Layer_Froggy_v001 (0000018D2543F158)
[LOG] SoundI::release                          :     Boss_Theme_001v002_Layer_Froggy_v001 (0000018D25144588)
[LOG] SoundI::release                          : Boss_Theme_001v002_Layer_Base_v002 (0000018CD9B237F8)
[LOG] SoundI::release                          :     Boss_Theme_001v002_Layer_Base_v002 (0000018D2543FFF8)
[LOG] SoundI::release                          :     Boss_Theme_001v002_Layer_Base_v002 (0000018D25144DF8)
[LOG] SoundI::release                          : Boss_Theme_001v002_Ending_v001 (0000018BF115BC78)
[LOG] SoundI::release                          :     Boss_Theme_001v002_Ending_v001 (0000018D25440338)
[LOG] SoundI::release                          :     Boss_Theme_001v002_Ending_v001 (0000018D25144738)
[LOG] Thread::callback                         : FMOD Studio bank load thread finished.
[LOG] Thread::callback                         : FMOD Studio sample load thread finished.
[LOG] LiveUpdate::release                      : 
[LOG] LiveUpdate::reset                        : Reset connection (reason Disconnected)
[LOG] Thread::callback                         : FMOD stream thread finished.
[LOG] Thread::callback                         : FMOD mixer thread finished.
[LOG] SystemI::close                           : Closed.
[LOG] Thread::callback                         : FMOD nonblocking thread (0) finished.
[LOG] Thread::callback                         : FMOD file thread finished.
